Using pre-set license
Built from '2020.3/staging' branch; Version is '2020.3.11f1 (99c7afb366b3) revision 10078127'; Using compiler version '192528614'; Build Type 'Release'
OS: 'Windows 10 Enterprise LTSC 2019; OS build 17763.2061; Version 1809; 64bit' Language: 'en' Physical Memory: 8028 MB
BatchMode: 1, IsHumanControllingUs: 0, StartBugReporterOnCrash: 0, Is64bit: 1, IsPro: 0

 COMMAND LINE ARGUMENTS:
C:\Program Files\Unity\Hub\Editor\2020.3.11f1\Editor\Unity.exe
-adb2
-batchMode
-noUpm
-name
AssetImportWorker0
-projectPath
D:/Unity Projects/Endless Runner
-logFile
Logs/AssetImportWorker0.log
-srvPort
57241
Successfully changed project path to: D:/Unity Projects/Endless Runner
D:/Unity Projects/Endless Runner
Using Asset Import Pipeline V2.
Refreshing native plugins compatible for Editor in 25.65 ms, found 2 plugins.
Preloading 0 native plugins for Editor in 0.00 ms.
Initialize engine version: 2020.3.11f1 (99c7afb366b3)
[Subsystems] Discovering subsystems at path C:/Program Files/Unity/Hub/Editor/2020.3.11f1/Editor/Data/Resources/UnitySubsystems
[Subsystems] Discovering subsystems at path D:/Unity Projects/Endless Runner/Assets
GfxDevice: creating device client; threaded=0
Direct3D:
    Version:  Direct3D 11.0 [level 11.1]
    Renderer: NVIDIA GeForce GTX 1650 (ID=0x1f91)
    Vendor:   
    VRAM:     3962 MB
    Driver:   30.0.14.7111
Initialize mono
Mono path[0] = 'C:/Program Files/Unity/Hub/Editor/2020.3.11f1/Editor/Data/Managed'
Mono path[1] = 'C:/Program Files/Unity/Hub/Editor/2020.3.11f1/Editor/Data/MonoBleedingEdge/lib/mono/unityjit'
Mono config path = 'C:/Program Files/Unity/Hub/Editor/2020.3.11f1/Editor/Data/MonoBleedingEdge/etc'
Using monoOptions --debugger-agent=transport=dt_socket,embedding=1,server=y,suspend=n,address=127.0.0.1:56716
Begin MonoManager ReloadAssembly
Registering precompiled unity dll's ...
Register platform support module: C:/Program Files/Unity/Hub/Editor/2020.3.11f1/Editor/Data/PlaybackEngines/WindowsStandaloneSupport/UnityEditor.WindowsStandalone.Extensions.dll
Registered in 0.003913 seconds.
Native extension for WindowsStandalone target not found
Refreshing native plugins compatible for Editor in 44.91 ms, found 2 plugins.
Preloading 0 native plugins for Editor in 0.00 ms.
Mono: successfully reloaded assembly
- Completed reload, in  1.498 seconds
Platform modules already initialized, skipping
Registering precompiled user dll's ...
Registered in 0.002728 seconds.
Begin MonoManager ReloadAssembly
Native extension for WindowsStandalone target not found
Refreshing native plugins compatible for Editor in 0.28 ms, found 2 plugins.
Preloading 0 native plugins for Editor in 0.00 ms.
Mono: successfully reloaded assembly
- Completed reload, in  0.963 seconds
Platform modules already initialized, skipping
========================================================================
Worker process is ready to serve import requests
Launched and connected shader compiler UnityShaderCompiler.exe after 0.05 seconds
Refreshing native plugins compatible for Editor in 0.27 ms, found 2 plugins.
Preloading 0 native plugins for Editor in 0.00 ms.
Unloading 1392 Unused Serialized files (Serialized files now loaded: 0)
System memory in use before: 64.8 MB.
System memory in use after: 64.9 MB.

Unloading 19 unused Assets to reduce memory usage. Loaded Objects now: 1825.
Total: 1.751500 ms (FindLiveObjects: 0.142000 ms CreateObjectMapping: 0.066300 ms MarkObjects: 1.473800 ms  DeleteObjects: 0.068600 ms)

========================================================================
Received Import Request.
  path: Assets/Scripts/Coin.cs
  artifactKey: Guid(1294a476b47fcef45b93a041d10b3d6d) Importer(815301076,1909f56bfc062723c751e8b465ee728b)
Start importing Assets/Scripts/Coin.cs using Guid(1294a476b47fcef45b93a041d10b3d6d) Importer(815301076,1909f56bfc062723c751e8b465ee728b)  -> (artifact id: '0ae1e9e290c9b89b180546fba66b8f32') in 0.042361 seconds
  Import took 0.133689 seconds .

========================================================================
Received Prepare
Registering precompiled user dll's ...
Registered in 0.002248 seconds.
Begin MonoManager ReloadAssembly
Native extension for WindowsStandalone target not found
Refreshing native plugins compatible for Editor in 0.28 ms, found 2 plugins.
Preloading 0 native plugins for Editor in 0.00 ms.
Mono: successfully reloaded assembly
- Completed reload, in  0.843 seconds
Platform modules already initialized, skipping
Refreshing native plugins compatible for Editor in 0.32 ms, found 2 plugins.
Preloading 0 native plugins for Editor in 0.00 ms.
Unloading 1387 Unused Serialized files (Serialized files now loaded: 0)
System memory in use before: 64.8 MB.
System memory in use after: 64.9 MB.

Unloading 14 unused Assets to reduce memory usage. Loaded Objects now: 1828.
Total: 1.648300 ms (FindLiveObjects: 0.148900 ms CreateObjectMapping: 0.035300 ms MarkObjects: 1.419200 ms  DeleteObjects: 0.044100 ms)

========================================================================
Received Import Request.
  Time since last request: 74.843737 seconds.
  path: Assets/Scripts/Coin.cs
  artifactKey: Guid(1294a476b47fcef45b93a041d10b3d6d) Importer(815301076,1909f56bfc062723c751e8b465ee728b)
Start importing Assets/Scripts/Coin.cs using Guid(1294a476b47fcef45b93a041d10b3d6d) Importer(815301076,1909f56bfc062723c751e8b465ee728b)  -> (artifact id: '91333430338819d02e3aba82d3817bf7') in 0.003465 seconds
  Import took 0.006249 seconds .

========================================================================
Received Import Request.
  Time since last request: 54.057659 seconds.
  path: Assets/Materials/Yellow.mat
  artifactKey: Guid(68e93681d01611848a03e5df5af941c5) Importer(815301076,1909f56bfc062723c751e8b465ee728b)
Start importing Assets/Materials/Yellow.mat using Guid(68e93681d01611848a03e5df5af941c5) Importer(815301076,1909f56bfc062723c751e8b465ee728b)  -> (artifact id: '78580d91a5c96d92f0c3fc4e4854d9d8') in 0.097600 seconds
  Import took 0.110202 seconds .

========================================================================
Received Import Request.
  Time since last request: 87.696195 seconds.
  path: Assets/Prefabs/Coin.prefab
  artifactKey: Guid(d7caacc12c5155e40882d6393a3b57f2) Importer(815301076,1909f56bfc062723c751e8b465ee728b)
Start importing Assets/Prefabs/Coin.prefab using Guid(d7caacc12c5155e40882d6393a3b57f2) Importer(815301076,1909f56bfc062723c751e8b465ee728b)  -> (artifact id: 'a5c629580ab0627b4b7be84dabefc73c') in 0.027067 seconds
  Import took 0.032548 seconds .

========================================================================
Received Import Request.
  Time since last request: 9.358660 seconds.
  path: Assets/Prefabs/Coin.prefab
  artifactKey: Guid(d7caacc12c5155e40882d6393a3b57f2) Importer(815301076,1909f56bfc062723c751e8b465ee728b)
Start importing Assets/Prefabs/Coin.prefab using Guid(d7caacc12c5155e40882d6393a3b57f2) Importer(815301076,1909f56bfc062723c751e8b465ee728b)  -> (artifact id: 'd620d67bc74abb9549f6826594f50f0a') in 0.007054 seconds
  Import took 0.017393 seconds .

========================================================================
Received Import Request.
  Time since last request: 0.004192 seconds.
  path: Assets/Prefabs/Coin.prefab
  artifactKey: Guid(d7caacc12c5155e40882d6393a3b57f2) Importer(815301076,1909f56bfc062723c751e8b465ee728b)
Start importing Assets/Prefabs/Coin.prefab using Guid(d7caacc12c5155e40882d6393a3b57f2) Importer(815301076,1909f56bfc062723c751e8b465ee728b)  -> (artifact id: 'd620d67bc74abb9549f6826594f50f0a') in 0.014209 seconds
  Import took 0.016635 seconds .

========================================================================
Received Prepare
Registering precompiled user dll's ...
Registered in 0.002061 seconds.
Begin MonoManager ReloadAssembly
Native extension for WindowsStandalone target not found
Refreshing native plugins compatible for Editor in 0.27 ms, found 2 plugins.
Preloading 0 native plugins for Editor in 0.00 ms.
Mono: successfully reloaded assembly
- Completed reload, in  0.848 seconds
Platform modules already initialized, skipping
Refreshing native plugins compatible for Editor in 0.27 ms, found 2 plugins.
Preloading 0 native plugins for Editor in 0.00 ms.
Unloading 1387 Unused Serialized files (Serialized files now loaded: 0)
System memory in use before: 68.1 MB.
System memory in use after: 68.2 MB.

Unloading 14 unused Assets to reduce memory usage. Loaded Objects now: 1872.
Total: 1.742900 ms (FindLiveObjects: 0.127900 ms CreateObjectMapping: 0.036200 ms MarkObjects: 1.533400 ms  DeleteObjects: 0.044600 ms)

========================================================================
Received Import Request.
  Time since last request: 274.097338 seconds.
  path: Assets/Prefabs/GroundTile.prefab
  artifactKey: Guid(321d678cb1be44a448d42e883ddd0842) Importer(815301076,1909f56bfc062723c751e8b465ee728b)
Start importing Assets/Prefabs/GroundTile.prefab using Guid(321d678cb1be44a448d42e883ddd0842) Importer(815301076,1909f56bfc062723c751e8b465ee728b)  -> (artifact id: 'a42eb5677a35c2031edc26564597ecf3') in 0.056473 seconds
  Import took 0.058599 seconds .

========================================================================
Received Import Request.
  Time since last request: 10.238751 seconds.
  path: Assets/Prefabs/Coin.prefab
  artifactKey: Guid(d7caacc12c5155e40882d6393a3b57f2) Importer(815301076,1909f56bfc062723c751e8b465ee728b)
Start importing Assets/Prefabs/Coin.prefab using Guid(d7caacc12c5155e40882d6393a3b57f2) Importer(815301076,1909f56bfc062723c751e8b465ee728b)  -> (artifact id: '75e3edf28286d16c8507accf0432ea7b') in 0.007371 seconds
  Import took 0.010199 seconds .

========================================================================
Received Import Request.
  Time since last request: 0.012802 seconds.
  path: Assets/Prefabs/Coin.prefab
  artifactKey: Guid(d7caacc12c5155e40882d6393a3b57f2) Importer(815301076,1909f56bfc062723c751e8b465ee728b)
Start importing Assets/Prefabs/Coin.prefab using Guid(d7caacc12c5155e40882d6393a3b57f2) Importer(815301076,1909f56bfc062723c751e8b465ee728b)  -> (artifact id: '75e3edf28286d16c8507accf0432ea7b') in 0.010223 seconds
  Import took 0.013005 seconds .

========================================================================
Received Import Request.
  Time since last request: 5.173696 seconds.
  path: Assets/Prefabs/Coin.prefab
  artifactKey: Guid(d7caacc12c5155e40882d6393a3b57f2) Importer(815301076,1909f56bfc062723c751e8b465ee728b)
Start importing Assets/Prefabs/Coin.prefab using Guid(d7caacc12c5155e40882d6393a3b57f2) Importer(815301076,1909f56bfc062723c751e8b465ee728b)  -> (artifact id: 'd70045f1816caf3f44c0dd878bcfd10b') in 0.008411 seconds
  Import took 0.072122 seconds .

========================================================================
Received Import Request.
  Time since last request: 9.148453 seconds.
  path: Assets/Prefabs/GroundTile.prefab
  artifactKey: Guid(321d678cb1be44a448d42e883ddd0842) Importer(815301076,1909f56bfc062723c751e8b465ee728b)
Start importing Assets/Prefabs/GroundTile.prefab using Guid(321d678cb1be44a448d42e883ddd0842) Importer(815301076,1909f56bfc062723c751e8b465ee728b)  -> (artifact id: '3474e5aaf14e1d02ee076189d8e231d1') in 0.007359 seconds
  Import took 0.011503 seconds .

========================================================================
Received Import Request.
  Time since last request: 0.005678 seconds.
  path: Assets/Prefabs/GroundTile.prefab
  artifactKey: Guid(321d678cb1be44a448d42e883ddd0842) Importer(815301076,1909f56bfc062723c751e8b465ee728b)
Start importing Assets/Prefabs/GroundTile.prefab using Guid(321d678cb1be44a448d42e883ddd0842) Importer(815301076,1909f56bfc062723c751e8b465ee728b)  -> (artifact id: '3474e5aaf14e1d02ee076189d8e231d1') in 0.009865 seconds
  Import took 0.014136 seconds .

========================================================================
Received Prepare
Registering precompiled user dll's ...
Registered in 0.002058 seconds.
Begin MonoManager ReloadAssembly
Native extension for WindowsStandalone target not found
Refreshing native plugins compatible for Editor in 0.27 ms, found 2 plugins.
Preloading 0 native plugins for Editor in 0.00 ms.
Mono: successfully reloaded assembly
- Completed reload, in  0.875 seconds
Platform modules already initialized, skipping
Refreshing native plugins compatible for Editor in 0.27 ms, found 2 plugins.
Preloading 0 native plugins for Editor in 0.00 ms.
Unloading 1387 Unused Serialized files (Serialized files now loaded: 0)
System memory in use before: 68.2 MB.
System memory in use after: 68.3 MB.

Unloading 14 unused Assets to reduce memory usage. Loaded Objects now: 1877.
Total: 1.703400 ms (FindLiveObjects: 0.126600 ms CreateObjectMapping: 0.038300 ms MarkObjects: 1.490200 ms  DeleteObjects: 0.047300 ms)

========================================================================
Received Prepare
Registering precompiled user dll's ...
Registered in 0.002021 seconds.
Begin MonoManager ReloadAssembly
Native extension for WindowsStandalone target not found
Refreshing native plugins compatible for Editor in 0.28 ms, found 2 plugins.
Preloading 0 native plugins for Editor in 0.00 ms.
Mono: successfully reloaded assembly
- Completed reload, in  0.829 seconds
Platform modules already initialized, skipping
Refreshing native plugins compatible for Editor in 0.29 ms, found 2 plugins.
Preloading 0 native plugins for Editor in 0.00 ms.
Unloading 1387 Unused Serialized files (Serialized files now loaded: 0)
System memory in use before: 68.2 MB.
System memory in use after: 68.3 MB.

Unloading 14 unused Assets to reduce memory usage. Loaded Objects now: 1880.
Total: 1.601400 ms (FindLiveObjects: 0.123200 ms CreateObjectMapping: 0.035900 ms MarkObjects: 1.398100 ms  DeleteObjects: 0.043600 ms)

========================================================================
Received Prepare
Registering precompiled user dll's ...
Registered in 0.002071 seconds.
Begin MonoManager ReloadAssembly
Native extension for WindowsStandalone target not found
Refreshing native plugins compatible for Editor in 0.30 ms, found 2 plugins.
Preloading 0 native plugins for Editor in 0.00 ms.
Mono: successfully reloaded assembly
- Completed reload, in  0.834 seconds
Platform modules already initialized, skipping
Refreshing native plugins compatible for Editor in 0.28 ms, found 2 plugins.
Preloading 0 native plugins for Editor in 0.00 ms.
Unloading 1387 Unused Serialized files (Serialized files now loaded: 0)
System memory in use before: 68.2 MB.
System memory in use after: 68.3 MB.

Unloading 14 unused Assets to reduce memory usage. Loaded Objects now: 1883.
Total: 1.802800 ms (FindLiveObjects: 0.150100 ms CreateObjectMapping: 0.041900 ms MarkObjects: 1.534300 ms  DeleteObjects: 0.075600 ms)

========================================================================
Received Prepare
Registering precompiled user dll's ...
Registered in 0.002044 seconds.
Begin MonoManager ReloadAssembly
Native extension for WindowsStandalone target not found
Refreshing native plugins compatible for Editor in 0.28 ms, found 2 plugins.
Preloading 0 native plugins for Editor in 0.00 ms.
Mono: successfully reloaded assembly
- Completed reload, in  0.796 seconds
Platform modules already initialized, skipping
Refreshing native plugins compatible for Editor in 0.27 ms, found 2 plugins.
Preloading 0 native plugins for Editor in 0.00 ms.
Unloading 1387 Unused Serialized files (Serialized files now loaded: 0)
System memory in use before: 68.2 MB.
System memory in use after: 68.3 MB.

Unloading 14 unused Assets to reduce memory usage. Loaded Objects now: 1886.
Total: 1.694500 ms (FindLiveObjects: 0.126100 ms CreateObjectMapping: 0.039800 ms MarkObjects: 1.488000 ms  DeleteObjects: 0.039900 ms)

========================================================================
Received Prepare
Registering precompiled user dll's ...
Registered in 0.002042 seconds.
Begin MonoManager ReloadAssembly
Native extension for WindowsStandalone target not found
Refreshing native plugins compatible for Editor in 0.28 ms, found 2 plugins.
Preloading 0 native plugins for Editor in 0.00 ms.
Mono: successfully reloaded assembly
- Completed reload, in  0.828 seconds
Platform modules already initialized, skipping
Refreshing native plugins compatible for Editor in 0.27 ms, found 2 plugins.
Preloading 0 native plugins for Editor in 0.00 ms.
Unloading 1387 Unused Serialized files (Serialized files now loaded: 0)
System memory in use before: 68.2 MB.
System memory in use after: 68.3 MB.

Unloading 14 unused Assets to reduce memory usage. Loaded Objects now: 1889.
Total: 2.083500 ms (FindLiveObjects: 0.278300 ms CreateObjectMapping: 0.102700 ms MarkObjects: 1.635500 ms  DeleteObjects: 0.066000 ms)

========================================================================
Received Import Request.
  Time since last request: 481.751009 seconds.
  path: Assets/Scripts/GameManager.cs
  artifactKey: Guid(050406be59eff264a96d0833fc8e3635) Importer(815301076,1909f56bfc062723c751e8b465ee728b)
Start importing Assets/Scripts/GameManager.cs using Guid(050406be59eff264a96d0833fc8e3635) Importer(815301076,1909f56bfc062723c751e8b465ee728b)  -> (artifact id: '75414351dd4df48eeffc0b1b769d9978') in 0.011200 seconds
  Import took 0.013878 seconds .

========================================================================
Received Prepare
Registering precompiled user dll's ...
Registered in 0.002061 seconds.
Begin MonoManager ReloadAssembly
Native extension for WindowsStandalone target not found
Refreshing native plugins compatible for Editor in 0.29 ms, found 2 plugins.
Preloading 0 native plugins for Editor in 0.00 ms.
Mono: successfully reloaded assembly
- Completed reload, in  0.810 seconds
Platform modules already initialized, skipping
Refreshing native plugins compatible for Editor in 0.27 ms, found 2 plugins.
Preloading 0 native plugins for Editor in 0.00 ms.
Unloading 1388 Unused Serialized files (Serialized files now loaded: 0)
System memory in use before: 68.3 MB.
System memory in use after: 68.3 MB.

Unloading 14 unused Assets to reduce memory usage. Loaded Objects now: 1893.
Total: 2.195300 ms (FindLiveObjects: 0.163500 ms CreateObjectMapping: 0.036600 ms MarkObjects: 1.932600 ms  DeleteObjects: 0.061700 ms)

========================================================================
Received Prepare
Registering precompiled user dll's ...
Registered in 0.002144 seconds.
Begin MonoManager ReloadAssembly
Native extension for WindowsStandalone target not found
Refreshing native plugins compatible for Editor in 0.30 ms, found 2 plugins.
Preloading 0 native plugins for Editor in 0.00 ms.
Mono: successfully reloaded assembly
- Completed reload, in  0.813 seconds
Platform modules already initialized, skipping
Refreshing native plugins compatible for Editor in 0.37 ms, found 2 plugins.
Preloading 0 native plugins for Editor in 0.00 ms.
Unloading 1388 Unused Serialized files (Serialized files now loaded: 0)
System memory in use before: 68.3 MB.
System memory in use after: 68.3 MB.

Unloading 14 unused Assets to reduce memory usage. Loaded Objects now: 1896.
Total: 2.183600 ms (FindLiveObjects: 0.189800 ms CreateObjectMapping: 0.051600 ms MarkObjects: 1.874200 ms  DeleteObjects: 0.066600 ms)

========================================================================
Received Import Request.
  Time since last request: 136.929961 seconds.
  path: Assets/Scripts/GameManager.cs
  artifactKey: Guid(050406be59eff264a96d0833fc8e3635) Importer(815301076,1909f56bfc062723c751e8b465ee728b)
Start importing Assets/Scripts/GameManager.cs using Guid(050406be59eff264a96d0833fc8e3635) Importer(815301076,1909f56bfc062723c751e8b465ee728b)  -> (artifact id: 'e26a76326c1ae945d0a1bc31db166c3b') in 0.004181 seconds
  Import took 0.100375 seconds .

========================================================================
Received Prepare
Registering precompiled user dll's ...
Registered in 0.002055 seconds.
Begin MonoManager ReloadAssembly
Native extension for WindowsStandalone target not found
Refreshing native plugins compatible for Editor in 0.28 ms, found 2 plugins.
Preloading 0 native plugins for Editor in 0.00 ms.
Mono: successfully reloaded assembly
- Completed reload, in  0.824 seconds
Platform modules already initialized, skipping
Refreshing native plugins compatible for Editor in 0.35 ms, found 2 plugins.
Preloading 0 native plugins for Editor in 0.00 ms.
Unloading 1388 Unused Serialized files (Serialized files now loaded: 0)
System memory in use before: 68.3 MB.
System memory in use after: 68.3 MB.

Unloading 14 unused Assets to reduce memory usage. Loaded Objects now: 1899.
Total: 1.837800 ms (FindLiveObjects: 0.186900 ms CreateObjectMapping: 0.048400 ms MarkObjects: 1.553800 ms  DeleteObjects: 0.047400 ms)

========================================================================
Received Prepare
Registering precompiled user dll's ...
Registered in 0.002059 seconds.
Begin MonoManager ReloadAssembly
Native extension for WindowsStandalone target not found
Refreshing native plugins compatible for Editor in 0.29 ms, found 2 plugins.
Preloading 0 native plugins for Editor in 0.00 ms.
Mono: successfully reloaded assembly
- Completed reload, in  0.781 seconds
Platform modules already initialized, skipping
Refreshing native plugins compatible for Editor in 0.27 ms, found 2 plugins.
Preloading 0 native plugins for Editor in 0.00 ms.
Unloading 1388 Unused Serialized files (Serialized files now loaded: 0)
System memory in use before: 68.3 MB.
System memory in use after: 68.4 MB.

Unloading 14 unused Assets to reduce memory usage. Loaded Objects now: 1902.
Total: 1.813900 ms (FindLiveObjects: 0.151300 ms CreateObjectMapping: 0.041300 ms MarkObjects: 1.574600 ms  DeleteObjects: 0.045800 ms)

========================================================================
Received Prepare
Registering precompiled user dll's ...
Registered in 0.002015 seconds.
Begin MonoManager ReloadAssembly
Native extension for WindowsStandalone target not found
Refreshing native plugins compatible for Editor in 0.27 ms, found 2 plugins.
Preloading 0 native plugins for Editor in 0.00 ms.
Mono: successfully reloaded assembly
- Completed reload, in  0.841 seconds
Platform modules already initialized, skipping
Refreshing native plugins compatible for Editor in 0.28 ms, found 2 plugins.
Preloading 0 native plugins for Editor in 0.00 ms.
Unloading 1388 Unused Serialized files (Serialized files now loaded: 0)
System memory in use before: 68.3 MB.
System memory in use after: 68.4 MB.

Unloading 14 unused Assets to reduce memory usage. Loaded Objects now: 1905.
Total: 1.984400 ms (FindLiveObjects: 0.159600 ms CreateObjectMapping: 0.040300 ms MarkObjects: 1.733100 ms  DeleteObjects: 0.050500 ms)

========================================================================
Received Prepare
Registering precompiled user dll's ...
Registered in 0.002013 seconds.
Begin MonoManager ReloadAssembly
Native extension for WindowsStandalone target not found
Refreshing native plugins compatible for Editor in 0.28 ms, found 2 plugins.
Preloading 0 native plugins for Editor in 0.00 ms.
Mono: successfully reloaded assembly
- Completed reload, in  0.808 seconds
Platform modules already initialized, skipping
Refreshing native plugins compatible for Editor in 0.29 ms, found 2 plugins.
Preloading 0 native plugins for Editor in 0.00 ms.
Unloading 1388 Unused Serialized files (Serialized files now loaded: 0)
System memory in use before: 68.3 MB.
System memory in use after: 68.4 MB.

Unloading 14 unused Assets to reduce memory usage. Loaded Objects now: 1908.
Total: 1.736900 ms (FindLiveObjects: 0.156500 ms CreateObjectMapping: 0.043300 ms MarkObjects: 1.489100 ms  DeleteObjects: 0.047200 ms)

========================================================================
Received Prepare
Registering precompiled user dll's ...
Registered in 0.002516 seconds.
Begin MonoManager ReloadAssembly
Native extension for WindowsStandalone target not found
Refreshing native plugins compatible for Editor in 0.31 ms, found 2 plugins.
Preloading 0 native plugins for Editor in 0.00 ms.
Mono: successfully reloaded assembly
- Completed reload, in  0.822 seconds
Platform modules already initialized, skipping
Refreshing native plugins compatible for Editor in 0.27 ms, found 2 plugins.
Preloading 0 native plugins for Editor in 0.00 ms.
Unloading 1388 Unused Serialized files (Serialized files now loaded: 0)
System memory in use before: 68.3 MB.
System memory in use after: 68.4 MB.

Unloading 14 unused Assets to reduce memory usage. Loaded Objects now: 1911.
Total: 1.729700 ms (FindLiveObjects: 0.134300 ms CreateObjectMapping: 0.040700 ms MarkObjects: 1.510700 ms  DeleteObjects: 0.043300 ms)

========================================================================
Received Prepare
Registering precompiled user dll's ...
Registered in 0.002182 seconds.
Begin MonoManager ReloadAssembly
Native extension for WindowsStandalone target not found
Refreshing native plugins compatible for Editor in 0.33 ms, found 2 plugins.
Preloading 0 native plugins for Editor in 0.00 ms.
Mono: successfully reloaded assembly
- Completed reload, in  0.814 seconds
Platform modules already initialized, skipping
Refreshing native plugins compatible for Editor in 0.28 ms, found 2 plugins.
Preloading 0 native plugins for Editor in 0.00 ms.
Unloading 1388 Unused Serialized files (Serialized files now loaded: 0)
System memory in use before: 68.3 MB.
System memory in use after: 68.4 MB.

Unloading 14 unused Assets to reduce memory usage. Loaded Objects now: 1914.
Total: 1.626900 ms (FindLiveObjects: 0.129000 ms CreateObjectMapping: 0.038400 ms MarkObjects: 1.414800 ms  DeleteObjects: 0.043900 ms)

========================================================================
Received Prepare
Registering precompiled user dll's ...
Registered in 0.002482 seconds.
Begin MonoManager ReloadAssembly
Native extension for WindowsStandalone target not found
Refreshing native plugins compatible for Editor in 0.27 ms, found 2 plugins.
Preloading 0 native plugins for Editor in 0.00 ms.
Mono: successfully reloaded assembly
- Completed reload, in  0.796 seconds
Platform modules already initialized, skipping
Refreshing native plugins compatible for Editor in 0.28 ms, found 2 plugins.
Preloading 0 native plugins for Editor in 0.00 ms.
Unloading 1388 Unused Serialized files (Serialized files now loaded: 0)
System memory in use before: 68.3 MB.
System memory in use after: 68.4 MB.

Unloading 14 unused Assets to reduce memory usage. Loaded Objects now: 1917.
Total: 1.702800 ms (FindLiveObjects: 0.143400 ms CreateObjectMapping: 0.047700 ms MarkObjects: 1.465100 ms  DeleteObjects: 0.045700 ms)

========================================================================
Received Prepare
Registering precompiled user dll's ...
Registered in 0.002020 seconds.
Begin MonoManager ReloadAssembly
Native extension for WindowsStandalone target not found
Refreshing native plugins compatible for Editor in 0.28 ms, found 2 plugins.
Preloading 0 native plugins for Editor in 0.00 ms.
Mono: successfully reloaded assembly
- Completed reload, in  0.773 seconds
Platform modules already initialized, skipping
Refreshing native plugins compatible for Editor in 0.30 ms, found 2 plugins.
Preloading 0 native plugins for Editor in 0.00 ms.
Unloading 1388 Unused Serialized files (Serialized files now loaded: 0)
System memory in use before: 68.3 MB.
System memory in use after: 68.4 MB.

Unloading 14 unused Assets to reduce memory usage. Loaded Objects now: 1920.
Total: 1.663100 ms (FindLiveObjects: 0.128700 ms CreateObjectMapping: 0.036200 ms MarkObjects: 1.448100 ms  DeleteObjects: 0.049300 ms)

AssetImportWorkerClient::OnTransportError - code=2 error=End of file
