Using pre-set license
Built from '2020.3/staging' branch; Version is '2020.3.11f1 (99c7afb366b3) revision 10078127'; Using compiler version '192528614'; Build Type 'Release'
OS: 'Windows 10 Enterprise LTSC 2019; OS build 17763.2061; Version 1809; 64bit' Language: 'en' Physical Memory: 8028 MB
BatchMode: 1, IsHumanControllingUs: 0, StartBugReporterOnCrash: 0, Is64bit: 1, IsPro: 0

 COMMAND LINE ARGUMENTS:
C:\Program Files\Unity\Hub\Editor\2020.3.11f1\Editor\Unity.exe
-adb2
-batchMode
-noUpm
-name
AssetImportWorker0
-projectPath
D:/Unity Projects/Endless Runner
-logFile
Logs/AssetImportWorker0.log
-srvPort
56956
Successfully changed project path to: D:/Unity Projects/Endless Runner
D:/Unity Projects/Endless Runner
Using Asset Import Pipeline V2.
Refreshing native plugins compatible for Editor in 24.18 ms, found 2 plugins.
Preloading 0 native plugins for Editor in 0.00 ms.
Initialize engine version: 2020.3.11f1 (99c7afb366b3)
[Subsystems] Discovering subsystems at path C:/Program Files/Unity/Hub/Editor/2020.3.11f1/Editor/Data/Resources/UnitySubsystems
[Subsystems] Discovering subsystems at path D:/Unity Projects/Endless Runner/Assets
GfxDevice: creating device client; threaded=0
Direct3D:
    Version:  Direct3D 11.0 [level 11.1]
    Renderer: NVIDIA GeForce GTX 1650 (ID=0x1f91)
    Vendor:   
    VRAM:     3962 MB
    Driver:   30.0.14.7111
Initialize mono
Mono path[0] = 'C:/Program Files/Unity/Hub/Editor/2020.3.11f1/Editor/Data/Managed'
Mono path[1] = 'C:/Program Files/Unity/Hub/Editor/2020.3.11f1/Editor/Data/MonoBleedingEdge/lib/mono/unityjit'
Mono config path = 'C:/Program Files/Unity/Hub/Editor/2020.3.11f1/Editor/Data/MonoBleedingEdge/etc'
Using monoOptions --debugger-agent=transport=dt_socket,embedding=1,server=y,suspend=n,address=127.0.0.1:56140
Begin MonoManager ReloadAssembly
Registering precompiled unity dll's ...
Register platform support module: C:/Program Files/Unity/Hub/Editor/2020.3.11f1/Editor/Data/PlaybackEngines/WindowsStandaloneSupport/UnityEditor.WindowsStandalone.Extensions.dll
Registered in 0.001928 seconds.
Native extension for WindowsStandalone target not found
Refreshing native plugins compatible for Editor in 27.58 ms, found 2 plugins.
Preloading 0 native plugins for Editor in 0.00 ms.
Mono: successfully reloaded assembly
- Completed reload, in  1.066 seconds
Platform modules already initialized, skipping
Registering precompiled user dll's ...
Registered in 0.002140 seconds.
Begin MonoManager ReloadAssembly
Native extension for WindowsStandalone target not found
Refreshing native plugins compatible for Editor in 0.28 ms, found 2 plugins.
Preloading 0 native plugins for Editor in 0.00 ms.
Mono: successfully reloaded assembly
- Completed reload, in  1.070 seconds
Platform modules already initialized, skipping
========================================================================
Worker process is ready to serve import requests
Launched and connected shader compiler UnityShaderCompiler.exe after 0.05 seconds
Refreshing native plugins compatible for Editor in 0.29 ms, found 2 plugins.
Preloading 0 native plugins for Editor in 0.00 ms.
Unloading 1390 Unused Serialized files (Serialized files now loaded: 0)
System memory in use before: 64.9 MB.
System memory in use after: 65.0 MB.

Unloading 19 unused Assets to reduce memory usage. Loaded Objects now: 1823.
Total: 1.778500 ms (FindLiveObjects: 0.135200 ms CreateObjectMapping: 0.041500 ms MarkObjects: 1.532300 ms  DeleteObjects: 0.068800 ms)

========================================================================
Received Import Request.
  path: Assets/Scripts/GroundSpawner.cs
  artifactKey: Guid(61d6192f10206dc4fb5c8b7832760b7f) Importer(815301076,1909f56bfc062723c751e8b465ee728b)
Start importing Assets/Scripts/GroundSpawner.cs using Guid(61d6192f10206dc4fb5c8b7832760b7f) Importer(815301076,1909f56bfc062723c751e8b465ee728b)  -> (artifact id: '46bd0ecddbce069d94b2c4ffd6ed750a') in 0.031746 seconds
  Import took 0.034007 seconds .

========================================================================
Received Import Request.
  Time since last request: 0.000320 seconds.
  path: Assets/Scripts/GroundTile.cs
  artifactKey: Guid(eb5b5d9bf5f1cec44af87f8162a54ddc) Importer(815301076,1909f56bfc062723c751e8b465ee728b)
Start importing Assets/Scripts/GroundTile.cs using Guid(eb5b5d9bf5f1cec44af87f8162a54ddc) Importer(815301076,1909f56bfc062723c751e8b465ee728b)  -> (artifact id: '91f4a3d709632b644970de1701d16195') in 0.011751 seconds
  Import took 0.015030 seconds .

========================================================================
Received Import Request.
  Time since last request: 0.000173 seconds.
  path: Assets/Scripts/CameraMovement.cs
  artifactKey: Guid(ca3688a39e931004c92e5441a0bd8f9a) Importer(815301076,1909f56bfc062723c751e8b465ee728b)
Start importing Assets/Scripts/CameraMovement.cs using Guid(ca3688a39e931004c92e5441a0bd8f9a) Importer(815301076,1909f56bfc062723c751e8b465ee728b)  -> (artifact id: 'b58440110928e078c60d80e416064026') in 0.007207 seconds
  Import took 0.009687 seconds .

========================================================================
Received Prepare
Refreshing native plugins compatible for Editor in 5.43 ms, found 2 plugins.
Preloading 0 native plugins for Editor in 0.00 ms.
Unloading 12 Unused Serialized files (Serialized files now loaded: 0)
System memory in use before: 37.5 MB.
System memory in use after: 37.6 MB.

Unloading 12 unused Assets to reduce memory usage. Loaded Objects now: 1823.
Total: 2.196700 ms (FindLiveObjects: 0.171400 ms CreateObjectMapping: 0.053400 ms MarkObjects: 1.925100 ms  DeleteObjects: 0.044800 ms)

========================================================================
Received Import Request.
  Time since last request: 71.752751 seconds.
  path: Assets/Prefabs/Ground/GroundTile.prefab
  artifactKey: Guid(321d678cb1be44a448d42e883ddd0842) Importer(815301076,1909f56bfc062723c751e8b465ee728b)
Start importing Assets/Prefabs/Ground/GroundTile.prefab using Guid(321d678cb1be44a448d42e883ddd0842) Importer(815301076,1909f56bfc062723c751e8b465ee728b)  -> (artifact id: '57658cf825b04faa349ddd8080ed95e8') in 0.084282 seconds
  Import took 0.087068 seconds .

========================================================================
Received Prepare
Registering precompiled user dll's ...
Registered in 0.002344 seconds.
Begin MonoManager ReloadAssembly
Native extension for WindowsStandalone target not found
Refreshing native plugins compatible for Editor in 0.35 ms, found 2 plugins.
Preloading 0 native plugins for Editor in 0.00 ms.
Mono: successfully reloaded assembly
- Completed reload, in  0.915 seconds
Platform modules already initialized, skipping
Refreshing native plugins compatible for Editor in 0.48 ms, found 2 plugins.
Preloading 0 native plugins for Editor in 0.00 ms.
Unloading 1385 Unused Serialized files (Serialized files now loaded: 0)
System memory in use before: 68.0 MB.
System memory in use after: 68.0 MB.

Unloading 14 unused Assets to reduce memory usage. Loaded Objects now: 1834.
Total: 1.898500 ms (FindLiveObjects: 0.149300 ms CreateObjectMapping: 0.058900 ms MarkObjects: 1.626600 ms  DeleteObjects: 0.062500 ms)

========================================================================
Received Prepare
Registering precompiled user dll's ...
Registered in 0.002445 seconds.
Begin MonoManager ReloadAssembly
Native extension for WindowsStandalone target not found
Refreshing native plugins compatible for Editor in 0.29 ms, found 2 plugins.
Preloading 0 native plugins for Editor in 0.00 ms.
Mono: successfully reloaded assembly
- Completed reload, in  1.109 seconds
Platform modules already initialized, skipping
Refreshing native plugins compatible for Editor in 0.37 ms, found 2 plugins.
Preloading 0 native plugins for Editor in 0.00 ms.
Unloading 1385 Unused Serialized files (Serialized files now loaded: 0)
System memory in use before: 68.0 MB.
System memory in use after: 68.1 MB.

Unloading 14 unused Assets to reduce memory usage. Loaded Objects now: 1837.
Total: 2.766600 ms (FindLiveObjects: 0.501800 ms CreateObjectMapping: 0.133300 ms MarkObjects: 2.070200 ms  DeleteObjects: 0.059600 ms)

========================================================================
Received Prepare
Registering precompiled user dll's ...
Registered in 0.003192 seconds.
Begin MonoManager ReloadAssembly
Native extension for WindowsStandalone target not found
Refreshing native plugins compatible for Editor in 0.31 ms, found 2 plugins.
Preloading 0 native plugins for Editor in 0.00 ms.
Mono: successfully reloaded assembly
- Completed reload, in  1.014 seconds
Platform modules already initialized, skipping
Refreshing native plugins compatible for Editor in 0.28 ms, found 2 plugins.
Preloading 0 native plugins for Editor in 0.00 ms.
Unloading 1385 Unused Serialized files (Serialized files now loaded: 0)
System memory in use before: 68.0 MB.
System memory in use after: 68.1 MB.

Unloading 14 unused Assets to reduce memory usage. Loaded Objects now: 1840.
Total: 2.094300 ms (FindLiveObjects: 0.224000 ms CreateObjectMapping: 0.077100 ms MarkObjects: 1.742800 ms  DeleteObjects: 0.049400 ms)

========================================================================
Received Import Request.
  Time since last request: 4200.284021 seconds.
  path: Assets/Prefabs/Ground/GroundTile.prefab
  artifactKey: Guid(321d678cb1be44a448d42e883ddd0842) Importer(815301076,1909f56bfc062723c751e8b465ee728b)
Start importing Assets/Prefabs/Ground/GroundTile.prefab using Guid(321d678cb1be44a448d42e883ddd0842) Importer(815301076,1909f56bfc062723c751e8b465ee728b)  -> (artifact id: 'f5cf199ee9f390d8849e6fd83ca03a84') in 0.081644 seconds
  Import took 0.105040 seconds .

========================================================================
Received Import Request.
  Time since last request: 11.336482 seconds.
  path: Assets/Prefabs/Ground/GroundTile.prefab
  artifactKey: Guid(321d678cb1be44a448d42e883ddd0842) Importer(815301076,1909f56bfc062723c751e8b465ee728b)
Start importing Assets/Prefabs/Ground/GroundTile.prefab using Guid(321d678cb1be44a448d42e883ddd0842) Importer(815301076,1909f56bfc062723c751e8b465ee728b)  -> (artifact id: '9395a83deef811fd95363c0781859e6c') in 0.009000 seconds
  Import took 0.014427 seconds .

========================================================================
Received Import Request.
  Time since last request: 2.193176 seconds.
  path: Assets/Prefabs/Ground/GroundTile.prefab
  artifactKey: Guid(321d678cb1be44a448d42e883ddd0842) Importer(815301076,1909f56bfc062723c751e8b465ee728b)
Start importing Assets/Prefabs/Ground/GroundTile.prefab using Guid(321d678cb1be44a448d42e883ddd0842) Importer(815301076,1909f56bfc062723c751e8b465ee728b)  -> (artifact id: 'eed5f85e32696a2c467a5fbf1d756165') in 0.008198 seconds
  Import took 0.100624 seconds .

========================================================================
Received Import Request.
  Time since last request: 0.715078 seconds.
  path: Assets/Prefabs/Ground/GroundTile.prefab
  artifactKey: Guid(321d678cb1be44a448d42e883ddd0842) Importer(815301076,1909f56bfc062723c751e8b465ee728b)
Start importing Assets/Prefabs/Ground/GroundTile.prefab using Guid(321d678cb1be44a448d42e883ddd0842) Importer(815301076,1909f56bfc062723c751e8b465ee728b)  -> (artifact id: '8ebb409638ac5beaed40d9e4323384aa') in 0.009878 seconds
  Import took 0.014782 seconds .

========================================================================
Received Import Request.
  Time since last request: 15.716914 seconds.
  path: Assets/Prefabs/Ground/GroundTile.prefab
  artifactKey: Guid(321d678cb1be44a448d42e883ddd0842) Importer(815301076,1909f56bfc062723c751e8b465ee728b)
Start importing Assets/Prefabs/Ground/GroundTile.prefab using Guid(321d678cb1be44a448d42e883ddd0842) Importer(815301076,1909f56bfc062723c751e8b465ee728b)  -> (artifact id: '056ce6ce975b2fde212fe6705184c3f9') in 0.011215 seconds
  Import took 0.022706 seconds .

========================================================================
Received Import Request.
  Time since last request: 4.150421 seconds.
  path: Assets/Prefabs/Ground/GroundTile.prefab
  artifactKey: Guid(321d678cb1be44a448d42e883ddd0842) Importer(815301076,1909f56bfc062723c751e8b465ee728b)
Start importing Assets/Prefabs/Ground/GroundTile.prefab using Guid(321d678cb1be44a448d42e883ddd0842) Importer(815301076,1909f56bfc062723c751e8b465ee728b)  -> (artifact id: 'c7a6245752ca783ce25058b8c651fbb0') in 0.009378 seconds
  Import took 0.024990 seconds .

========================================================================
Received Import Request.
  Time since last request: 5.518243 seconds.
  path: Assets/Prefabs/Ground/GroundTile.prefab
  artifactKey: Guid(321d678cb1be44a448d42e883ddd0842) Importer(815301076,1909f56bfc062723c751e8b465ee728b)
Start importing Assets/Prefabs/Ground/GroundTile.prefab using Guid(321d678cb1be44a448d42e883ddd0842) Importer(815301076,1909f56bfc062723c751e8b465ee728b)  -> (artifact id: '23a744fcd1d67dcdae0d58405da2b986') in 0.013414 seconds
  Import took 0.015769 seconds .

========================================================================
Received Import Request.
  Time since last request: 24.068493 seconds.
  path: Assets/Prefabs/Ground/GroundTile.prefab
  artifactKey: Guid(321d678cb1be44a448d42e883ddd0842) Importer(815301076,1909f56bfc062723c751e8b465ee728b)
Start importing Assets/Prefabs/Ground/GroundTile.prefab using Guid(321d678cb1be44a448d42e883ddd0842) Importer(815301076,1909f56bfc062723c751e8b465ee728b)  -> (artifact id: '0b1d57c6d780712d97c1e01bfef2ad14') in 0.010663 seconds
  Import took 0.030453 seconds .

========================================================================
Received Import Request.
  Time since last request: 9.768678 seconds.
  path: Assets/Prefabs/Ground/GroundTile.prefab
  artifactKey: Guid(321d678cb1be44a448d42e883ddd0842) Importer(815301076,1909f56bfc062723c751e8b465ee728b)
Start importing Assets/Prefabs/Ground/GroundTile.prefab using Guid(321d678cb1be44a448d42e883ddd0842) Importer(815301076,1909f56bfc062723c751e8b465ee728b)  -> (artifact id: 'dc0dd04a0dff673789770ac2fe00b0bb') in 0.008319 seconds
  Import took 0.103443 seconds .

========================================================================
Received Import Request.
  Time since last request: 8.166010 seconds.
  path: Assets/Prefabs/Ground/GroundTile.prefab
  artifactKey: Guid(321d678cb1be44a448d42e883ddd0842) Importer(815301076,1909f56bfc062723c751e8b465ee728b)
Start importing Assets/Prefabs/Ground/GroundTile.prefab using Guid(321d678cb1be44a448d42e883ddd0842) Importer(815301076,1909f56bfc062723c751e8b465ee728b)  -> (artifact id: 'abb3f0cc1f3978395ccc6d939585b2e3') in 0.008263 seconds
  Import took 0.027370 seconds .

========================================================================
Received Import Request.
  Time since last request: 70.996247 seconds.
  path: Assets/Prefabs/Ground/GroundTile.prefab
  artifactKey: Guid(321d678cb1be44a448d42e883ddd0842) Importer(815301076,1909f56bfc062723c751e8b465ee728b)
Start importing Assets/Prefabs/Ground/GroundTile.prefab using Guid(321d678cb1be44a448d42e883ddd0842) Importer(815301076,1909f56bfc062723c751e8b465ee728b)  -> (artifact id: '61e0f1a411e258bd1c5985dc9cb07d96') in 0.009638 seconds
  Import took 0.012520 seconds .

========================================================================
Received Import Request.
  Time since last request: 4.127046 seconds.
  path: Assets/Prefabs/Ground/GroundTile.prefab
  artifactKey: Guid(321d678cb1be44a448d42e883ddd0842) Importer(815301076,1909f56bfc062723c751e8b465ee728b)
Start importing Assets/Prefabs/Ground/GroundTile.prefab using Guid(321d678cb1be44a448d42e883ddd0842) Importer(815301076,1909f56bfc062723c751e8b465ee728b)  -> (artifact id: '9cda3b636a1c763b32138711d5c0400e') in 0.009498 seconds
  Import took 0.013749 seconds .

========================================================================
Received Import Request.
  Time since last request: 37.796981 seconds.
  path: Assets/Prefabs/Ground/GroundTile.prefab
  artifactKey: Guid(321d678cb1be44a448d42e883ddd0842) Importer(815301076,1909f56bfc062723c751e8b465ee728b)
Start importing Assets/Prefabs/Ground/GroundTile.prefab using Guid(321d678cb1be44a448d42e883ddd0842) Importer(815301076,1909f56bfc062723c751e8b465ee728b)  -> (artifact id: 'd2f56c0dd4ed0fe1e53551ba41ae7705') in 0.008726 seconds
  Import took 0.041961 seconds .

========================================================================
Received Import Request.
  Time since last request: 3.073876 seconds.
  path: Assets/Prefabs/Ground/GroundTile.prefab
  artifactKey: Guid(321d678cb1be44a448d42e883ddd0842) Importer(815301076,1909f56bfc062723c751e8b465ee728b)
Start importing Assets/Prefabs/Ground/GroundTile.prefab using Guid(321d678cb1be44a448d42e883ddd0842) Importer(815301076,1909f56bfc062723c751e8b465ee728b)  -> (artifact id: 'f6a54096e63a53fc3533ff370b90e402') in 0.007792 seconds
  Import took 0.010215 seconds .

========================================================================
Received Import Request.
  Time since last request: 6.217413 seconds.
  path: Assets/Prefabs/Ground/GroundTile.prefab
  artifactKey: Guid(321d678cb1be44a448d42e883ddd0842) Importer(815301076,1909f56bfc062723c751e8b465ee728b)
Start importing Assets/Prefabs/Ground/GroundTile.prefab using Guid(321d678cb1be44a448d42e883ddd0842) Importer(815301076,1909f56bfc062723c751e8b465ee728b)  -> (artifact id: '5951ee037a08a3695ad4dfc243386ffe') in 0.008259 seconds
  Import took 0.019172 seconds .

========================================================================
Received Import Request.
  Time since last request: 3.282829 seconds.
  path: Assets/Prefabs/Ground/GroundTile.prefab
  artifactKey: Guid(321d678cb1be44a448d42e883ddd0842) Importer(815301076,1909f56bfc062723c751e8b465ee728b)
Start importing Assets/Prefabs/Ground/GroundTile.prefab using Guid(321d678cb1be44a448d42e883ddd0842) Importer(815301076,1909f56bfc062723c751e8b465ee728b)  -> (artifact id: '4cca724d4eabe111e86c0bf03b532a52') in 0.013899 seconds
  Import took 0.017009 seconds .

========================================================================
Received Import Request.
  Time since last request: 259.480342 seconds.
  path: Assets/Prefabs/Obstacle.prefab
  artifactKey: Guid(91d67756e2072634a9841bdbc21d4112) Importer(815301076,1909f56bfc062723c751e8b465ee728b)
Start importing Assets/Prefabs/Obstacle.prefab using Guid(91d67756e2072634a9841bdbc21d4112) Importer(815301076,1909f56bfc062723c751e8b465ee728b)  -> (artifact id: '36e76c749e994774c37eb375610712f2') in 0.017457 seconds
  Import took 0.021156 seconds .

========================================================================
Received Import Request.
  Time since last request: 0.012009 seconds.
  path: Assets/Prefabs/Obstacle.prefab
  artifactKey: Guid(91d67756e2072634a9841bdbc21d4112) Importer(815301076,1909f56bfc062723c751e8b465ee728b)
Start importing Assets/Prefabs/Obstacle.prefab using Guid(91d67756e2072634a9841bdbc21d4112) Importer(815301076,1909f56bfc062723c751e8b465ee728b)  -> (artifact id: '36e76c749e994774c37eb375610712f2') in 0.012547 seconds
  Import took 0.016081 seconds .

========================================================================
Received Prepare
Registering precompiled user dll's ...
Registered in 0.002058 seconds.
Begin MonoManager ReloadAssembly
Native extension for WindowsStandalone target not found
Refreshing native plugins compatible for Editor in 0.40 ms, found 2 plugins.
Preloading 0 native plugins for Editor in 0.00 ms.
Mono: successfully reloaded assembly
- Completed reload, in  0.829 seconds
Platform modules already initialized, skipping
Refreshing native plugins compatible for Editor in 0.27 ms, found 2 plugins.
Preloading 0 native plugins for Editor in 0.00 ms.
Unloading 1385 Unused Serialized files (Serialized files now loaded: 0)
System memory in use before: 68.0 MB.
System memory in use after: 68.1 MB.

Unloading 14 unused Assets to reduce memory usage. Loaded Objects now: 1844.
Total: 1.626700 ms (FindLiveObjects: 0.133200 ms CreateObjectMapping: 0.039300 ms MarkObjects: 1.403700 ms  DeleteObjects: 0.049500 ms)

========================================================================
Received Import Request.
  Time since last request: 152.720700 seconds.
  path: Assets/Prefabs/GroundTile.prefab
  artifactKey: Guid(321d678cb1be44a448d42e883ddd0842) Importer(815301076,1909f56bfc062723c751e8b465ee728b)
Start importing Assets/Prefabs/GroundTile.prefab using Guid(321d678cb1be44a448d42e883ddd0842) Importer(815301076,1909f56bfc062723c751e8b465ee728b)  -> (artifact id: '08d2586cf4616dcc4420d2b372de1bda') in 0.049035 seconds
  Import took 0.051907 seconds .

========================================================================
Received Import Request.
  Time since last request: 3.967568 seconds.
  path: Assets/Prefabs/GroundTile.prefab
  artifactKey: Guid(321d678cb1be44a448d42e883ddd0842) Importer(815301076,1909f56bfc062723c751e8b465ee728b)
Start importing Assets/Prefabs/GroundTile.prefab using Guid(321d678cb1be44a448d42e883ddd0842) Importer(815301076,1909f56bfc062723c751e8b465ee728b)  -> (artifact id: 'a643451e8f79897fe105c92a1b791b4c') in 0.009174 seconds
  Import took 0.017947 seconds .

========================================================================
Received Import Request.
  Time since last request: 0.001978 seconds.
  path: Assets/Prefabs/GroundTile.prefab
  artifactKey: Guid(321d678cb1be44a448d42e883ddd0842) Importer(815301076,1909f56bfc062723c751e8b465ee728b)
Start importing Assets/Prefabs/GroundTile.prefab using Guid(321d678cb1be44a448d42e883ddd0842) Importer(815301076,1909f56bfc062723c751e8b465ee728b)  -> (artifact id: 'a643451e8f79897fe105c92a1b791b4c') in 0.010208 seconds
  Import took 0.013226 seconds .

========================================================================
Received Prepare
Registering precompiled user dll's ...
Registered in 0.002497 seconds.
Begin MonoManager ReloadAssembly
Native extension for WindowsStandalone target not found
Refreshing native plugins compatible for Editor in 0.50 ms, found 2 plugins.
Preloading 0 native plugins for Editor in 0.00 ms.
Mono: successfully reloaded assembly
- Completed reload, in  0.923 seconds
Platform modules already initialized, skipping
Refreshing native plugins compatible for Editor in 0.48 ms, found 2 plugins.
Preloading 0 native plugins for Editor in 0.00 ms.
Unloading 1385 Unused Serialized files (Serialized files now loaded: 0)
System memory in use before: 68.0 MB.
System memory in use after: 68.1 MB.

Unloading 14 unused Assets to reduce memory usage. Loaded Objects now: 1848.
Total: 1.757400 ms (FindLiveObjects: 0.130600 ms CreateObjectMapping: 0.039300 ms MarkObjects: 1.542800 ms  DeleteObjects: 0.043800 ms)

========================================================================
Received Prepare
Registering precompiled user dll's ...
Registered in 0.002172 seconds.
Begin MonoManager ReloadAssembly
Native extension for WindowsStandalone target not found
Refreshing native plugins compatible for Editor in 0.31 ms, found 2 plugins.
Preloading 0 native plugins for Editor in 0.00 ms.
Mono: successfully reloaded assembly
- Completed reload, in  0.849 seconds
Platform modules already initialized, skipping
Refreshing native plugins compatible for Editor in 0.32 ms, found 2 plugins.
Preloading 0 native plugins for Editor in 0.00 ms.
Unloading 1385 Unused Serialized files (Serialized files now loaded: 0)
System memory in use before: 68.0 MB.
System memory in use after: 68.1 MB.

Unloading 14 unused Assets to reduce memory usage. Loaded Objects now: 1851.
Total: 1.668400 ms (FindLiveObjects: 0.138700 ms CreateObjectMapping: 0.043200 ms MarkObjects: 1.437000 ms  DeleteObjects: 0.048400 ms)

========================================================================
Received Import Request.
  Time since last request: 138.897489 seconds.
  path: Assets/Prefabs/GroundTile.prefab
  artifactKey: Guid(321d678cb1be44a448d42e883ddd0842) Importer(815301076,1909f56bfc062723c751e8b465ee728b)
Start importing Assets/Prefabs/GroundTile.prefab using Guid(321d678cb1be44a448d42e883ddd0842) Importer(815301076,1909f56bfc062723c751e8b465ee728b)  -> (artifact id: '67309223f1bdf12f0e10360646be9fc4') in 0.045578 seconds
  Import took 0.078917 seconds .

========================================================================
Received Prepare
Registering precompiled user dll's ...
Registered in 0.002125 seconds.
Begin MonoManager ReloadAssembly
Native extension for WindowsStandalone target not found
Refreshing native plugins compatible for Editor in 0.29 ms, found 2 plugins.
Preloading 0 native plugins for Editor in 0.00 ms.
Mono: successfully reloaded assembly
- Completed reload, in  0.840 seconds
Platform modules already initialized, skipping
Refreshing native plugins compatible for Editor in 0.27 ms, found 2 plugins.
Preloading 0 native plugins for Editor in 0.00 ms.
Unloading 1385 Unused Serialized files (Serialized files now loaded: 0)
System memory in use before: 68.0 MB.
System memory in use after: 68.1 MB.

Unloading 14 unused Assets to reduce memory usage. Loaded Objects now: 1855.
Total: 1.890000 ms (FindLiveObjects: 0.128200 ms CreateObjectMapping: 0.037700 ms MarkObjects: 1.674700 ms  DeleteObjects: 0.048600 ms)

========================================================================
Received Prepare
Registering precompiled user dll's ...
Registered in 0.002087 seconds.
Begin MonoManager ReloadAssembly
Native extension for WindowsStandalone target not found
Refreshing native plugins compatible for Editor in 0.27 ms, found 2 plugins.
Preloading 0 native plugins for Editor in 0.00 ms.
Mono: successfully reloaded assembly
- Completed reload, in  0.826 seconds
Platform modules already initialized, skipping
Refreshing native plugins compatible for Editor in 0.33 ms, found 2 plugins.
Preloading 0 native plugins for Editor in 0.00 ms.
Unloading 1385 Unused Serialized files (Serialized files now loaded: 0)
System memory in use before: 68.1 MB.
System memory in use after: 68.1 MB.

Unloading 14 unused Assets to reduce memory usage. Loaded Objects now: 1858.
Total: 1.757000 ms (FindLiveObjects: 0.142500 ms CreateObjectMapping: 0.043500 ms MarkObjects: 1.518500 ms  DeleteObjects: 0.051600 ms)

========================================================================
Received Import Request.
  Time since last request: 618.097650 seconds.
  path: Assets/Scripts/Obstacle.cs
  artifactKey: Guid(4e2544d43c081eb48bbffc0e38636b89) Importer(815301076,1909f56bfc062723c751e8b465ee728b)
Start importing Assets/Scripts/Obstacle.cs using Guid(4e2544d43c081eb48bbffc0e38636b89) Importer(815301076,1909f56bfc062723c751e8b465ee728b)  -> (artifact id: 'bb1c1a1bfe9f81b488d5d0fa4af09254') in 0.009792 seconds
  Import took 0.101204 seconds .

========================================================================
Received Prepare
Registering precompiled user dll's ...
Registered in 0.002187 seconds.
Begin MonoManager ReloadAssembly
Native extension for WindowsStandalone target not found
Refreshing native plugins compatible for Editor in 0.28 ms, found 2 plugins.
Preloading 0 native plugins for Editor in 0.00 ms.
Mono: successfully reloaded assembly
- Completed reload, in  0.853 seconds
Platform modules already initialized, skipping
Refreshing native plugins compatible for Editor in 0.27 ms, found 2 plugins.
Preloading 0 native plugins for Editor in 0.00 ms.
Unloading 1386 Unused Serialized files (Serialized files now loaded: 0)
System memory in use before: 68.1 MB.
System memory in use after: 68.2 MB.

Unloading 14 unused Assets to reduce memory usage. Loaded Objects now: 1862.
Total: 1.931700 ms (FindLiveObjects: 0.141700 ms CreateObjectMapping: 0.035300 ms MarkObjects: 1.705000 ms  DeleteObjects: 0.049100 ms)

========================================================================
Received Prepare
Registering precompiled user dll's ...
Registered in 0.002334 seconds.
Begin MonoManager ReloadAssembly
Native extension for WindowsStandalone target not found
Refreshing native plugins compatible for Editor in 0.33 ms, found 2 plugins.
Preloading 0 native plugins for Editor in 0.00 ms.
Mono: successfully reloaded assembly
- Completed reload, in  0.988 seconds
Platform modules already initialized, skipping
Refreshing native plugins compatible for Editor in 0.45 ms, found 2 plugins.
Preloading 0 native plugins for Editor in 0.00 ms.
Unloading 1386 Unused Serialized files (Serialized files now loaded: 0)
System memory in use before: 68.1 MB.
System memory in use after: 68.2 MB.

Unloading 14 unused Assets to reduce memory usage. Loaded Objects now: 1865.
Total: 1.847000 ms (FindLiveObjects: 0.189800 ms CreateObjectMapping: 0.040900 ms MarkObjects: 1.564100 ms  DeleteObjects: 0.051100 ms)

========================================================================
Received Import Request.
  Time since last request: 189.036608 seconds.
  path: Assets/Scripts/Obstacle.cs
  artifactKey: Guid(4e2544d43c081eb48bbffc0e38636b89) Importer(815301076,1909f56bfc062723c751e8b465ee728b)
Start importing Assets/Scripts/Obstacle.cs using Guid(4e2544d43c081eb48bbffc0e38636b89) Importer(815301076,1909f56bfc062723c751e8b465ee728b)  -> (artifact id: '36b4cbdc66ad1e650532d540dd3cdcc7') in 0.006799 seconds
  Import took 0.009220 seconds .

========================================================================
Received Prepare
Registering precompiled user dll's ...
Registered in 0.002377 seconds.
Begin MonoManager ReloadAssembly
Native extension for WindowsStandalone target not found
Refreshing native plugins compatible for Editor in 0.27 ms, found 2 plugins.
Preloading 0 native plugins for Editor in 0.00 ms.
Mono: successfully reloaded assembly
- Completed reload, in  0.877 seconds
Platform modules already initialized, skipping
Refreshing native plugins compatible for Editor in 0.31 ms, found 2 plugins.
Preloading 0 native plugins for Editor in 0.00 ms.
Unloading 1386 Unused Serialized files (Serialized files now loaded: 0)
System memory in use before: 68.1 MB.
System memory in use after: 68.2 MB.

Unloading 14 unused Assets to reduce memory usage. Loaded Objects now: 1868.
Total: 1.774500 ms (FindLiveObjects: 0.148100 ms CreateObjectMapping: 0.042000 ms MarkObjects: 1.527400 ms  DeleteObjects: 0.056300 ms)

========================================================================
Received Import Request.
  Time since last request: 73.997118 seconds.
  path: Assets/Prefabs/Obstacle.prefab
  artifactKey: Guid(91d67756e2072634a9841bdbc21d4112) Importer(815301076,1909f56bfc062723c751e8b465ee728b)
Start importing Assets/Prefabs/Obstacle.prefab using Guid(91d67756e2072634a9841bdbc21d4112) Importer(815301076,1909f56bfc062723c751e8b465ee728b)  -> (artifact id: 'e17fadb33e468370f7f36808632f31d6') in 0.065735 seconds
  Import took 0.074161 seconds .

========================================================================
Received Prepare
Registering precompiled user dll's ...
Registered in 0.002042 seconds.
Begin MonoManager ReloadAssembly
Native extension for WindowsStandalone target not found
Refreshing native plugins compatible for Editor in 0.27 ms, found 2 plugins.
Preloading 0 native plugins for Editor in 0.00 ms.
Mono: successfully reloaded assembly
- Completed reload, in  0.851 seconds
Platform modules already initialized, skipping
Refreshing native plugins compatible for Editor in 0.28 ms, found 2 plugins.
Preloading 0 native plugins for Editor in 0.00 ms.
Unloading 1386 Unused Serialized files (Serialized files now loaded: 0)
System memory in use before: 68.1 MB.
System memory in use after: 68.2 MB.

Unloading 14 unused Assets to reduce memory usage. Loaded Objects now: 1872.
Total: 1.730000 ms (FindLiveObjects: 0.141600 ms CreateObjectMapping: 0.040800 ms MarkObjects: 1.499600 ms  DeleteObjects: 0.047200 ms)

========================================================================
Received Prepare
Registering precompiled user dll's ...
Registered in 0.002239 seconds.
Begin MonoManager ReloadAssembly
Native extension for WindowsStandalone target not found
Refreshing native plugins compatible for Editor in 0.30 ms, found 2 plugins.
Preloading 0 native plugins for Editor in 0.00 ms.
Mono: successfully reloaded assembly
- Completed reload, in  0.836 seconds
Platform modules already initialized, skipping
Refreshing native plugins compatible for Editor in 0.27 ms, found 2 plugins.
Preloading 0 native plugins for Editor in 0.00 ms.
Unloading 1386 Unused Serialized files (Serialized files now loaded: 0)
System memory in use before: 68.1 MB.
System memory in use after: 68.2 MB.

Unloading 14 unused Assets to reduce memory usage. Loaded Objects now: 1875.
Total: 1.839700 ms (FindLiveObjects: 0.125000 ms CreateObjectMapping: 0.036000 ms MarkObjects: 1.631900 ms  DeleteObjects: 0.045800 ms)

========================================================================
Received Prepare
Registering precompiled user dll's ...
Registered in 0.002003 seconds.
Begin MonoManager ReloadAssembly
Native extension for WindowsStandalone target not found
Refreshing native plugins compatible for Editor in 0.37 ms, found 2 plugins.
Preloading 0 native plugins for Editor in 0.00 ms.
Mono: successfully reloaded assembly
- Completed reload, in  1.151 seconds
Platform modules already initialized, skipping
Refreshing native plugins compatible for Editor in 0.56 ms, found 2 plugins.
Preloading 0 native plugins for Editor in 0.00 ms.
Unloading 1386 Unused Serialized files (Serialized files now loaded: 0)
System memory in use before: 68.1 MB.
System memory in use after: 68.2 MB.

Unloading 14 unused Assets to reduce memory usage. Loaded Objects now: 1878.
Total: 3.723400 ms (FindLiveObjects: 0.741700 ms CreateObjectMapping: 0.138300 ms MarkObjects: 2.716100 ms  DeleteObjects: 0.122500 ms)

========================================================================
Received Prepare
Registering precompiled user dll's ...
Registered in 0.003955 seconds.
Begin MonoManager ReloadAssembly
Native extension for WindowsStandalone target not found
Refreshing native plugins compatible for Editor in 0.28 ms, found 2 plugins.
Preloading 0 native plugins for Editor in 0.00 ms.
Mono: successfully reloaded assembly
- Completed reload, in  1.004 seconds
Platform modules already initialized, skipping
Refreshing native plugins compatible for Editor in 0.55 ms, found 2 plugins.
Preloading 0 native plugins for Editor in 0.00 ms.
Unloading 1386 Unused Serialized files (Serialized files now loaded: 0)
System memory in use before: 68.1 MB.
System memory in use after: 68.2 MB.

Unloading 14 unused Assets to reduce memory usage. Loaded Objects now: 1881.
Total: 2.887900 ms (FindLiveObjects: 0.204700 ms CreateObjectMapping: 0.047700 ms MarkObjects: 2.578800 ms  DeleteObjects: 0.055000 ms)

========================================================================
Received Prepare
Registering precompiled user dll's ...
Registered in 0.002005 seconds.
Begin MonoManager ReloadAssembly
Native extension for WindowsStandalone target not found
Refreshing native plugins compatible for Editor in 0.28 ms, found 2 plugins.
Preloading 0 native plugins for Editor in 0.00 ms.
Mono: successfully reloaded assembly
- Completed reload, in  0.824 seconds
Platform modules already initialized, skipping
Refreshing native plugins compatible for Editor in 0.27 ms, found 2 plugins.
Preloading 0 native plugins for Editor in 0.00 ms.
Unloading 1386 Unused Serialized files (Serialized files now loaded: 0)
System memory in use before: 68.1 MB.
System memory in use after: 68.2 MB.

Unloading 14 unused Assets to reduce memory usage. Loaded Objects now: 1884.
Total: 1.697300 ms (FindLiveObjects: 0.137800 ms CreateObjectMapping: 0.043400 ms MarkObjects: 1.471600 ms  DeleteObjects: 0.043700 ms)

AssetImportWorkerClient::OnTransportError - code=2 error=End of file
